<?xml version="1.0" encoding="UTF-8"?>
<!-- Generated by org.testng.reporters.JUnitXMLReporter -->
<testsuite ignored="2" hostname="192.168.1.2" failures="0" tests="2" name="Test" time="40.485" errors="0" timestamp="2022-09-25T13:05:57 IST">
  <testcase classname="nikhil_automation.testcases.landingpagetest" name="printtitle" time="0.167"/>
  <testcase classname="nikhil_automation.testcases.landingpagetest" name="verifyTitle" time="0.526"/>
  <testcase classname="nikhil_automation.base.BaseClass" name="@AfterSuite afterSuite" time="0.0">
    <ignored/>
  </testcase> <!-- @AfterSuite afterSuite -->
  <testcase classname="nikhil_automation.base.BaseClass" name="@BeforeSuite loadConfig" time="0.0">
    <ignored/>
  </testcase> <!-- @BeforeSuite loadConfig -->
</testsuite> <!-- Test -->
