<?xml version="1.0" encoding="UTF-8"?>
<testng-results ignored="2" total="5" passed="2" failed="1" skipped="0">
  <reporter-output>
  </reporter-output>
  <suite started-at="2022-09-25T09:02:24 IST" name="Suite" finished-at="2022-09-25T09:03:10 IST" duration-ms="45942">
    <groups>
    </groups>
    <test started-at="2022-09-25T09:02:24 IST" name="Test" finished-at="2022-09-25T09:03:10 IST" duration-ms="45942">
      <class name="nikhil_automation.testcases.landingpagetest">
        <test-method is-config="true" signature="loadConfig()[pri:0, instance:nikhil_automation.testcases.landingpagetest@5b1669c0]" started-at="2022-09-25T09:02:24 IST" name="loadConfig" finished-at="2022-09-25T09:02:24 IST" duration-ms="552" status="PASS">
          <reporter-output>
          </reporter-output>
        </test-method> <!-- loadConfig -->
        <test-method is-config="true" signature="setup()[pri:0, instance:nikhil_automation.testcases.landingpagetest@5b1669c0]" started-at="2022-09-25T09:02:24 IST" name="setup" finished-at="2022-09-25T09:02:34 IST" duration-ms="9236" status="PASS">
          <reporter-output>
          </reporter-output>
        </test-method> <!-- setup -->
        <test-method signature="printtitle()[pri:0, instance:nikhil_automation.testcases.landingpagetest@5b1669c0]" started-at="2022-09-25T09:02:34 IST" name="printtitle" finished-at="2022-09-25T09:02:34 IST" duration-ms="199" status="PASS">
          <reporter-output>
          </reporter-output>
        </test-method> <!-- printtitle -->
        <test-method is-config="true" signature="tearDown()[pri:0, instance:nikhil_automation.testcases.landingpagetest@5b1669c0]" started-at="2022-09-25T09:02:34 IST" name="tearDown" finished-at="2022-09-25T09:02:34 IST" duration-ms="122" status="PASS">
          <reporter-output>
          </reporter-output>
        </test-method> <!-- tearDown -->
        <test-method is-config="true" signature="setup()[pri:0, instance:nikhil_automation.testcases.landingpagetest@5b1669c0]" started-at="2022-09-25T09:02:34 IST" name="setup" finished-at="2022-09-25T09:02:40 IST" duration-ms="5837" status="PASS">
          <reporter-output>
          </reporter-output>
        </test-method> <!-- setup -->
        <test-method signature="verifyTitle()[pri:0, instance:nikhil_automation.testcases.landingpagetest@5b1669c0]" started-at="2022-09-25T09:02:40 IST" name="verifyTitle" finished-at="2022-09-25T09:02:40 IST" duration-ms="354" status="PASS">
          <reporter-output>
          </reporter-output>
        </test-method> <!-- verifyTitle -->
        <test-method is-config="true" signature="tearDown()[pri:0, instance:nikhil_automation.testcases.landingpagetest@5b1669c0]" started-at="2022-09-25T09:02:40 IST" name="tearDown" finished-at="2022-09-25T09:02:40 IST" duration-ms="155" status="PASS">
          <reporter-output>
          </reporter-output>
        </test-method> <!-- tearDown -->
        <test-method is-config="true" signature="afterSuite()[pri:0, instance:nikhil_automation.testcases.landingpagetest@5b1669c0]" started-at="2022-09-25T09:03:10 IST" name="afterSuite" finished-at="2022-09-25T09:03:11 IST" duration-ms="596" status="PASS">
          <reporter-output>
          </reporter-output>
        </test-method> <!-- afterSuite -->
      </class> <!-- nikhil_automation.testcases.landingpagetest -->
      <class name="nikhil_automation.testcases.domainpagetest">
        <test-method is-config="true" signature="setup()[pri:0, instance:nikhil_automation.testcases.domainpagetest@2cf3d63b]" started-at="2022-09-25T09:02:40 IST" name="setup" finished-at="2022-09-25T09:02:49 IST" duration-ms="8415" status="PASS">
          <reporter-output>
          </reporter-output>
        </test-method> <!-- setup -->
        <test-method signature="validatedomain()[pri:0, instance:nikhil_automation.testcases.domainpagetest@2cf3d63b]" started-at="2022-09-25T09:02:49 IST" name="validatedomain" finished-at="2022-09-25T09:03:09 IST" duration-ms="20450" status="FAIL">
          <exception class="org.openqa.selenium.TimeoutException">
            <message>
              <![CDATA[Expected condition failed: waiting for visibility of [[ChromeDriver: chrome on MAC (423c8c97a0b4ea939e19079e30342c3b)] -> xpath: //button[contains(text(),'Domains')]] (tried for 20 second(s) with 500 milliseconds interval)
Build info: version: '4.4.0', revision: 'e5c75ed026a'
System info: host: '192.168.1.2', ip: 'fe80:0:0:0:1c82:29a2:8768:9939%en0', os.name: 'Mac OS X', os.arch: 'x86_64', os.version: '12.5.1', java.version: '17.0.3'
Driver info: org.openqa.selenium.chrome.ChromeDriver
Capabilities {acceptInsecureCerts: true, browserName: chrome, browserVersion: 105.0.5195.102, chrome: {chromedriverVersion: 105.0.5195.52 (412c95e51883..., userDataDir: /var/folders/hm/wlxq69753kb...}, goog:chromeOptions: {debuggerAddress: localhost:61606}, networkConnectionEnabled: false, pageLoadStrategy: normal, platformName: MAC, proxy: Proxy(), se:cdp: ws://localhost:61606/devtoo..., se:cdpVersion: 105.0.5195.102, setWindowRect: true, strictFileInteractability: false, timeouts: {implicit: 0, pageLoad: 300000, script: 30000}, unhandledPromptBehavior: dismiss and notify, webauthn:extension:credBlob: true, webauthn:extension:largeBlob: true, webauthn:virtualAuthenticators: true}
Session ID: 423c8c97a0b4ea939e19079e30342c3b]]>
            </message>
            <full-stacktrace>
              <![CDATA[org.openqa.selenium.TimeoutException: Expected condition failed: waiting for visibility of [[ChromeDriver: chrome on MAC (423c8c97a0b4ea939e19079e30342c3b)] -> xpath: //button[contains(text(),'Domains')]] (tried for 20 second(s) with 500 milliseconds interval)
Build info: version: '4.4.0', revision: 'e5c75ed026a'
System info: host: '192.168.1.2', ip: 'fe80:0:0:0:1c82:29a2:8768:9939%en0', os.name: 'Mac OS X', os.arch: 'x86_64', os.version: '12.5.1', java.version: '17.0.3'
Driver info: org.openqa.selenium.chrome.ChromeDriver
Capabilities {acceptInsecureCerts: true, browserName: chrome, browserVersion: 105.0.5195.102, chrome: {chromedriverVersion: 105.0.5195.52 (412c95e51883..., userDataDir: /var/folders/hm/wlxq69753kb...}, goog:chromeOptions: {debuggerAddress: localhost:61606}, networkConnectionEnabled: false, pageLoadStrategy: normal, platformName: MAC, proxy: Proxy(), se:cdp: ws://localhost:61606/devtoo..., se:cdpVersion: 105.0.5195.102, setWindowRect: true, strictFileInteractability: false, timeouts: {implicit: 0, pageLoad: 300000, script: 30000}, unhandledPromptBehavior: dismiss and notify, webauthn:extension:credBlob: true, webauthn:extension:largeBlob: true, webauthn:virtualAuthenticators: true}
Session ID: 423c8c97a0b4ea939e19079e30342c3b
at org.openqa.selenium.support.ui.WebDriverWait.timeoutException(WebDriverWait.java:87)
at org.openqa.selenium.support.ui.FluentWait.until(FluentWait.java:231)
at actiondriver.Action.explicitWait(Action.java:752)
at nikhil_automation.pageobjects.Landingpage.domain_exp(Landingpage.java:103)
at nikhil_automation.testcases.domainpagetest.validatedomain(domainpagetest.java:32)
at java.base/jdk.internal.reflect.NativeMethodAccessorImpl.invoke0(Native Method)
at java.base/jdk.internal.reflect.NativeMethodAccessorImpl.invoke(NativeMethodAccessorImpl.java:77)
at java.base/jdk.internal.reflect.DelegatingMethodAccessorImpl.invoke(DelegatingMethodAccessorImpl.java:43)
at java.base/java.lang.reflect.Method.invoke(Method.java:568)
at org.testng.internal.invokers.MethodInvocationHelper.invokeMethod(MethodInvocationHelper.java:139)
at org.testng.internal.invokers.TestInvoker.invokeMethod(TestInvoker.java:677)
at org.testng.internal.invokers.TestInvoker.invokeTestMethod(TestInvoker.java:221)
at org.testng.internal.invokers.MethodRunner.runInSequence(MethodRunner.java:50)
at org.testng.internal.invokers.TestInvoker$MethodInvocationAgent.invoke(TestInvoker.java:962)
at org.testng.internal.invokers.TestInvoker.invokeTestMethods(TestInvoker.java:194)
at org.testng.internal.invokers.TestMethodWorker.invokeTestMethods(TestMethodWorker.java:148)
at org.testng.internal.invokers.TestMethodWorker.run(TestMethodWorker.java:128)
at java.base/java.util.ArrayList.forEach(ArrayList.java:1511)
at org.testng.TestRunner.privateRun(TestRunner.java:806)
at org.testng.TestRunner.run(TestRunner.java:601)
at org.testng.SuiteRunner.runTest(SuiteRunner.java:433)
at org.testng.SuiteRunner.runSequentially(SuiteRunner.java:427)
at org.testng.SuiteRunner.privateRun(SuiteRunner.java:387)
at org.testng.SuiteRunner.run(SuiteRunner.java:330)
at org.testng.SuiteRunnerWorker.runSuite(SuiteRunnerWorker.java:52)
at org.testng.SuiteRunnerWorker.run(SuiteRunnerWorker.java:95)
at org.testng.TestNG.runSuitesSequentially(TestNG.java:1256)
at org.testng.TestNG.runSuitesLocally(TestNG.java:1176)
at org.testng.TestNG.runSuites(TestNG.java:1099)
at org.testng.TestNG.run(TestNG.java:1067)
at org.testng.remote.AbstractRemoteTestNG.run(AbstractRemoteTestNG.java:115)
at org.testng.remote.RemoteTestNG.initAndRun(RemoteTestNG.java:251)
at org.testng.remote.RemoteTestNG.main(RemoteTestNG.java:77)
]]>
            </full-stacktrace>
          </exception> <!-- org.openqa.selenium.TimeoutException -->
          <reporter-output>
          </reporter-output>
        </test-method> <!-- validatedomain -->
        <test-method is-config="true" signature="tearDown()[pri:0, instance:nikhil_automation.testcases.domainpagetest@2cf3d63b]" started-at="2022-09-25T09:03:10 IST" name="tearDown" finished-at="2022-09-25T09:03:10 IST" duration-ms="219" status="PASS">
          <reporter-output>
          </reporter-output>
        </test-method> <!-- tearDown -->
      </class> <!-- nikhil_automation.testcases.domainpagetest -->
    </test> <!-- Test -->
  </suite> <!-- Suite -->
</testng-results>
